# JRE version: Java(TM) SE Runtime Environment (21.0.6+8) (build 21.0.6+8-LTS-188)
# Java VM: Java HotSpot(TM) 64-Bit Server VM (21.0.6+8-LTS-188, mixed mode, emulated-client, sharing, tiered, compressed oops, compressed class ptrs, g1 gc, windows-amd64)
GC Precious Log:
 CardTable entry size: 512
 Card Set container configuration: InlinePtr #cards 5 size 8 Array Of Cards #cards 12 size 40 Howl #buckets 4 coarsen threshold 1843 Howl Bitmap #cards 512 size 80 coarsen threshold 460 Card regions per heap region 1 cards per card region 2048
 CPUs: 2 total, 2 available
 Memory: 3918M
 Large Page Support: Disabled
 NUMA Support: Disabled
 Compressed Oops: Enabled (32-bit)
 Heap Region Size: 1M
 Heap Min Capacity: 8M
 Heap Initial Capacity: 62M
 Heap Max Capacity: 980M
 Pre-touch: Disabled
 Parallel Workers: 2
 Concurrent Workers: 1
 Concurrent Refinement Workers: 2
 Periodic GC: Disabled
Heap:
 garbage-first heap   total 68608K, used 42557K [0x00000000c2c00000, 0x0000000100000000)
  region size 1024K, 4 young (4096K), 3 survivors (3072K)
 Metaspace       used 76359K, committed 77504K, reserved 1179648K
  class space    used 10714K, committed 11200K, reserved 1048576K
GC Heap History (20 events):
Event: 17.098 GC heap before
{Heap before GC invocations=17 (full 0):
 garbage-first heap   total 66560K, used 43662K [0x00000000c2c00000, 0x0000000100000000)
  region size 1024K, 17 young (17408K), 2 survivors (2048K)
 Metaspace       used 59469K, committed 60096K, reserved 1114112K
  class space    used 8200K, committed 8512K, reserved 1048576K
}
Event: 17.104 GC heap after
{Heap after GC invocations=18 (full 0):
 garbage-first heap   total 66560K, used 29462K [0x00000000c2c00000, 0x0000000100000000)
  region size 1024K, 2 young (2048K), 2 survivors (2048K)
 Metaspace       used 59469K, committed 60096K, reserved 1114112K
  class space    used 8200K, committed 8512K, reserved 1048576K
}
Event: 19.229 GC heap before
{Heap before GC invocations=19 (full 0):
 garbage-first heap   total 66560K, used 59158K [0x00000000c2c00000, 0x0000000100000000)
  region size 1024K, 31 young (31744K), 2 survivors (2048K)
 Metaspace       used 63551K, committed 64320K, reserved 1114112K
  class space    used 8834K, committed 9152K, reserved 1048576K
}
Event: 19.240 GC heap after
{Heap after GC invocations=20 (full 0):
 garbage-first heap   total 66560K, used 31519K [0x00000000c2c00000, 0x0000000100000000)
  region size 1024K, 4 young (4096K), 4 survivors (4096K)
 Metaspace       used 63551K, committed 64320K, reserved 1114112K
  class space    used 8834K, committed 9152K, reserved 1048576K
}
Event: 21.859 GC heap before
{Heap before GC invocations=20 (full 0):
 garbage-first heap   total 66560K, used 57119K [0x00000000c2c00000, 0x0000000100000000)
  region size 1024K, 29 young (29696K), 4 survivors (4096K)
 Metaspace       used 66659K, committed 67392K, reserved 1114112K
  class space    used 9270K, committed 9600K, reserved 1048576K
}
Event: 21.879 GC heap after
{Heap after GC invocations=21 (full 0):
 garbage-first heap   total 66560K, used 33240K [0x00000000c2c00000, 0x0000000100000000)
  region size 1024K, 3 young (3072K), 3 survivors (3072K)
 Metaspace       used 66659K, committed 67392K, reserved 1114112K
  class space    used 9270K, committed 9600K, reserved 1048576K
}
Event: 26.158 GC heap before
{Heap before GC invocations=21 (full 0):
 garbage-first heap   total 66560K, used 57816K [0x00000000c2c00000, 0x0000000100000000)
  region size 1024K, 27 young (27648K), 3 survivors (3072K)
 Metaspace       used 67162K, committed 67968K, reserved 1114112K
  class space    used 9324K, committed 9664K, reserved 1048576K
}
Event: 26.170 GC heap after
{Heap after GC invocations=22 (full 0):
 garbage-first heap   total 66560K, used 35000K [0x00000000c2c00000, 0x0000000100000000)
  region size 1024K, 4 young (4096K), 4 survivors (4096K)
 Metaspace       used 67162K, committed 67968K, reserved 1114112K
  class space    used 9324K, committed 9664K, reserved 1048576K
}
Event: 27.658 GC heap before
{Heap before GC invocations=23 (full 0):
 garbage-first heap   total 66560K, used 57528K [0x00000000c2c00000, 0x0000000100000000)
  region size 1024K, 26 young (26624K), 4 survivors (4096K)
 Metaspace       used 67970K, committed 68800K, reserved 1114112K
  class space    used 9460K, committed 9792K, reserved 1048576K
}
Event: 27.673 GC heap after
{Heap after GC invocations=24 (full 0):
 garbage-first heap   total 66560K, used 37013K [0x00000000c2c00000, 0x0000000100000000)
  region size 1024K, 4 young (4096K), 4 survivors (4096K)
 Metaspace       used 67970K, committed 68800K, reserved 1114112K
  class space    used 9460K, committed 9792K, reserved 1048576K
}
Event: 40.887 GC heap before
{Heap before GC invocations=24 (full 0):
 garbage-first heap   total 66560K, used 57493K [0x00000000c2c00000, 0x0000000100000000)
  region size 1024K, 24 young (24576K), 4 survivors (4096K)
 Metaspace       used 69019K, committed 69888K, reserved 1114112K
  class space    used 9614K, committed 9984K, reserved 1048576K
}
Event: 40.914 GC heap after
{Heap after GC invocations=25 (full 0):
 garbage-first heap   total 66560K, used 38261K [0x00000000c2c00000, 0x0000000100000000)
  region size 1024K, 2 young (2048K), 2 survivors (2048K)
 Metaspace       used 69019K, committed 69888K, reserved 1114112K
  class space    used 9614K, committed 9984K, reserved 1048576K
}
Event: 43.660 GC heap before
{Heap before GC invocations=25 (full 0):
 garbage-first heap   total 66560K, used 59765K [0x00000000c2c00000, 0x0000000100000000)
  region size 1024K, 23 young (23552K), 2 survivors (2048K)
 Metaspace       used 69903K, committed 70720K, reserved 1114112K
  class space    used 9769K, committed 10112K, reserved 1048576K
}
Event: 43.674 GC heap after
{Heap after GC invocations=26 (full 0):
 garbage-first heap   total 66560K, used 39316K [0x00000000c2c00000, 0x0000000100000000)
  region size 1024K, 3 young (3072K), 3 survivors (3072K)
 Metaspace       used 69903K, committed 70720K, reserved 1114112K
  class space    used 9769K, committed 10112K, reserved 1048576K
}
Event: 46.545 GC heap before
{Heap before GC invocations=27 (full 0):
 garbage-first heap   total 68608K, used 58772K [0x00000000c2c00000, 0x0000000100000000)
  region size 1024K, 22 young (22528K), 3 survivors (3072K)
 Metaspace       used 70284K, committed 70976K, reserved 1114112K
  class space    used 9814K, committed 10112K, reserved 1048576K
}
Event: 46.560 GC heap after
{Heap after GC invocations=28 (full 0):
 garbage-first heap   total 68608K, used 40934K [0x00000000c2c00000, 0x0000000100000000)
  region size 1024K, 3 young (3072K), 3 survivors (3072K)
 Metaspace       used 70284K, committed 70976K, reserved 1114112K
  class space    used 9814K, committed 10112K, reserved 1048576K
}
Event: 48.475 GC heap before
{Heap before GC invocations=28 (full 0):
 garbage-first heap   total 68608K, used 60390K [0x00000000c2c00000, 0x0000000100000000)
  region size 1024K, 23 young (23552K), 3 survivors (3072K)
 Metaspace       used 73482K, committed 74240K, reserved 1114112K
  class space    used 10308K, committed 10624K, reserved 1048576K
}
Event: 48.492 GC heap after
{Heap after GC invocations=29 (full 0):
 garbage-first heap   total 68608K, used 41303K [0x00000000c2c00000, 0x0000000100000000)
  region size 1024K, 2 young (2048K), 2 survivors (2048K)
 Metaspace       used 73482K, committed 74240K, reserved 1114112K
  class space    used 10308K, committed 10624K, reserved 1048576K
}
Event: 110.965 GC heap before
{Heap before GC invocations=29 (full 0):
 garbage-first heap   total 68608K, used 60759K [0x00000000c2c00000, 0x0000000100000000)
  region size 1024K, 22 young (22528K), 2 survivors (2048K)
 Metaspace       used 76610K, committed 77504K, reserved 1179648K
  class space    used 10773K, committed 11200K, reserved 1048576K
}
Event: 111.064 GC heap after
{Heap after GC invocations=30 (full 0):
 garbage-first heap   total 68608K, used 42557K [0x00000000c2c00000, 0x0000000100000000)
  region size 1024K, 3 young (3072K), 3 survivors (3072K)
 Metaspace       used 76610K, committed 77504K, reserved 1179648K
  class space    used 10773K, committed 11200K, reserved 1048576K
}

