# JRE version: Java(TM) SE Runtime Environment (21.0.6+8) (build 21.0.6+8-LTS-188)
# Java VM: Java HotSpot(TM) 64-Bit Server VM (21.0.6+8-LTS-188, mixed mode, emulated-client, sharing, tiered, compressed oops, compressed class ptrs, g1 gc, windows-amd64)
GC Precious Log:
 CardTable entry size: 512
 Card Set container configuration: InlinePtr #cards 5 size 8 Array Of Cards #cards 12 size 40 Howl #buckets 4 coarsen threshold 1843 Howl Bitmap #cards 512 size 80 coarsen threshold 460 Card regions per heap region 1 cards per card region 2048
 CPUs: 2 total, 2 available
 Memory: 3918M
 Large Page Support: Disabled
 NUMA Support: Disabled
 Compressed Oops: Enabled (32-bit)
 Heap Region Size: 1M
 Heap Min Capacity: 8M
 Heap Initial Capacity: 62M
 Heap Max Capacity: 980M
 Pre-touch: Disabled
 Parallel Workers: 2
 Concurrent Workers: 1
 Concurrent Refinement Workers: 2
 Periodic GC: Disabled
Heap:
 garbage-first heap   total 68608K, used 44649K [0x00000000c2c00000, 0x0000000100000000)
  region size 1024K, 5 young (5120K), 3 survivors (3072K)
 Metaspace       used 76685K, committed 77696K, reserved 1179648K
  class space    used 10738K, committed 11136K, reserved 1048576K
GC Heap History (20 events):
Event: 22.075 GC heap before
{Heap before GC invocations=17 (full 0):
 garbage-first heap   total 66560K, used 42630K [0x00000000c2c00000, 0x0000000100000000)
  region size 1024K, 16 young (16384K), 2 survivors (2048K)
 Metaspace       used 59444K, committed 60096K, reserved 1114112K
  class space    used 8186K, committed 8512K, reserved 1048576K
}
Event: 22.080 GC heap after
{Heap after GC invocations=18 (full 0):
 garbage-first heap   total 66560K, used 29268K [0x00000000c2c00000, 0x0000000100000000)
  region size 1024K, 2 young (2048K), 2 survivors (2048K)
 Metaspace       used 59444K, committed 60096K, reserved 1114112K
  class space    used 8186K, committed 8512K, reserved 1048576K
}
Event: 24.448 GC heap before
{Heap before GC invocations=19 (full 0):
 garbage-first heap   total 66560K, used 58964K [0x00000000c2c00000, 0x0000000100000000)
  region size 1024K, 31 young (31744K), 2 survivors (2048K)
 Metaspace       used 63630K, committed 64448K, reserved 1114112K
  class space    used 8842K, committed 9216K, reserved 1048576K
}
Event: 24.460 GC heap after
{Heap after GC invocations=20 (full 0):
 garbage-first heap   total 66560K, used 31506K [0x00000000c2c00000, 0x0000000100000000)
  region size 1024K, 4 young (4096K), 4 survivors (4096K)
 Metaspace       used 63630K, committed 64448K, reserved 1114112K
  class space    used 8842K, committed 9216K, reserved 1048576K
}
Event: 28.623 GC heap before
{Heap before GC invocations=20 (full 0):
 garbage-first heap   total 66560K, used 57106K [0x00000000c2c00000, 0x0000000100000000)
  region size 1024K, 29 young (29696K), 4 survivors (4096K)
 Metaspace       used 66713K, committed 67456K, reserved 1114112K
  class space    used 9273K, committed 9600K, reserved 1048576K
}
Event: 28.641 GC heap after
{Heap after GC invocations=21 (full 0):
 garbage-first heap   total 66560K, used 33232K [0x00000000c2c00000, 0x0000000100000000)
  region size 1024K, 3 young (3072K), 3 survivors (3072K)
 Metaspace       used 66713K, committed 67456K, reserved 1114112K
  class space    used 9273K, committed 9600K, reserved 1048576K
}
Event: 30.868 GC heap before
{Heap before GC invocations=21 (full 0):
 garbage-first heap   total 66560K, used 57808K [0x00000000c2c00000, 0x0000000100000000)
  region size 1024K, 27 young (27648K), 3 survivors (3072K)
 Metaspace       used 67178K, committed 67904K, reserved 1114112K
  class space    used 9315K, committed 9664K, reserved 1048576K
}
Event: 30.893 GC heap after
{Heap after GC invocations=22 (full 0):
 garbage-first heap   total 66560K, used 34868K [0x00000000c2c00000, 0x0000000100000000)
  region size 1024K, 4 young (4096K), 4 survivors (4096K)
 Metaspace       used 67178K, committed 67904K, reserved 1114112K
  class space    used 9315K, committed 9664K, reserved 1048576K
}
Event: 59.411 GC heap before
{Heap before GC invocations=23 (full 0):
 garbage-first heap   total 66560K, used 57396K [0x00000000c2c00000, 0x0000000100000000)
  region size 1024K, 26 young (26624K), 4 survivors (4096K)
 Metaspace       used 67985K, committed 68800K, reserved 1114112K
  class space    used 9453K, committed 9792K, reserved 1048576K
}
Event: 59.429 GC heap after
{Heap after GC invocations=24 (full 0):
 garbage-first heap   total 66560K, used 37010K [0x00000000c2c00000, 0x0000000100000000)
  region size 1024K, 4 young (4096K), 4 survivors (4096K)
 Metaspace       used 67985K, committed 68800K, reserved 1114112K
  class space    used 9453K, committed 9792K, reserved 1048576K
}
Event: 62.548 GC heap before
{Heap before GC invocations=24 (full 0):
 garbage-first heap   total 66560K, used 57490K [0x00000000c2c00000, 0x0000000100000000)
  region size 1024K, 24 young (24576K), 4 survivors (4096K)
 Metaspace       used 69153K, committed 69952K, reserved 1114112K
  class space    used 9624K, committed 9984K, reserved 1048576K
}
Event: 62.568 GC heap after
{Heap after GC invocations=25 (full 0):
 garbage-first heap   total 66560K, used 38263K [0x00000000c2c00000, 0x0000000100000000)
  region size 1024K, 2 young (2048K), 2 survivors (2048K)
 Metaspace       used 69153K, committed 69952K, reserved 1114112K
  class space    used 9624K, committed 9984K, reserved 1048576K
}
Event: 66.676 GC heap before
{Heap before GC invocations=25 (full 0):
 garbage-first heap   total 66560K, used 59767K [0x00000000c2c00000, 0x0000000100000000)
  region size 1024K, 23 young (23552K), 2 survivors (2048K)
 Metaspace       used 70001K, committed 70848K, reserved 1114112K
  class space    used 9782K, committed 10176K, reserved 1048576K
}
Event: 66.688 GC heap after
{Heap after GC invocations=26 (full 0):
 garbage-first heap   total 66560K, used 39550K [0x00000000c2c00000, 0x0000000100000000)
  region size 1024K, 3 young (3072K), 3 survivors (3072K)
 Metaspace       used 70001K, committed 70848K, reserved 1114112K
  class space    used 9782K, committed 10176K, reserved 1048576K
}
Event: 68.467 GC heap before
{Heap before GC invocations=27 (full 0):
 garbage-first heap   total 68608K, used 59006K [0x00000000c2c00000, 0x0000000100000000)
  region size 1024K, 22 young (22528K), 3 survivors (3072K)
 Metaspace       used 70331K, committed 71104K, reserved 1114112K
  class space    used 9807K, committed 10176K, reserved 1048576K
}
Event: 68.491 GC heap after
{Heap after GC invocations=28 (full 0):
 garbage-first heap   total 68608K, used 40955K [0x00000000c2c00000, 0x0000000100000000)
  region size 1024K, 3 young (3072K), 3 survivors (3072K)
 Metaspace       used 70331K, committed 71104K, reserved 1114112K
  class space    used 9807K, committed 10176K, reserved 1048576K
}
Event: 70.253 GC heap before
{Heap before GC invocations=28 (full 0):
 garbage-first heap   total 68608K, used 60411K [0x00000000c2c00000, 0x0000000100000000)
  region size 1024K, 23 young (23552K), 3 survivors (3072K)
 Metaspace       used 73771K, committed 74496K, reserved 1114112K
  class space    used 10357K, committed 10688K, reserved 1048576K
}
Event: 70.272 GC heap after
{Heap after GC invocations=29 (full 0):
 garbage-first heap   total 68608K, used 41424K [0x00000000c2c00000, 0x0000000100000000)
  region size 1024K, 2 young (2048K), 2 survivors (2048K)
 Metaspace       used 73771K, committed 74496K, reserved 1114112K
  class space    used 10357K, committed 10688K, reserved 1048576K
}
Event: 336.272 GC heap before
{Heap before GC invocations=29 (full 0):
 garbage-first heap   total 68608K, used 60880K [0x00000000c2c00000, 0x0000000100000000)
  region size 1024K, 22 young (22528K), 2 survivors (2048K)
 Metaspace       used 76669K, committed 77504K, reserved 1179648K
  class space    used 10764K, committed 11136K, reserved 1048576K
}
Event: 336.314 GC heap after
{Heap after GC invocations=30 (full 0):
 garbage-first heap   total 68608K, used 43625K [0x00000000c2c00000, 0x0000000100000000)
  region size 1024K, 3 young (3072K), 3 survivors (3072K)
 Metaspace       used 76669K, committed 77504K, reserved 1179648K
  class space    used 10764K, committed 11136K, reserved 1048576K
}

