# JRE version: Java(TM) SE Runtime Environment (21.0.6+8) (build 21.0.6+8-LTS-188)
# Java VM: Java HotSpot(TM) 64-Bit Server VM (21.0.6+8-LTS-188, mixed mode, sharing, tiered, compressed oops, compressed class ptrs, g1 gc, windows-amd64)
GC Precious Log:
 CardTable entry size: 512
 Card Set container configuration: InlinePtr #cards 5 size 8 Array Of Cards #cards 12 size 40 Howl #buckets 4 coarsen threshold 1843 Howl Bitmap #cards 512 size 80 coarsen threshold 460 Card regions per heap region 1 cards per card region 2048
 CPUs: 2 total, 2 available
 Memory: 3918M
 Large Page Support: Disabled
 NUMA Support: Disabled
 Compressed Oops: Enabled (32-bit)
 Heap Region Size: 1M
 Heap Min Capacity: 8M
 Heap Initial Capacity: 62M
 Heap Max Capacity: 980M
 Pre-touch: Disabled
 Parallel Workers: 2
 Concurrent Workers: 1
 Concurrent Refinement Workers: 2
 Periodic GC: Disabled
Heap:
 garbage-first heap   total 40960K, used 30857K [0x00000000c2c00000, 0x0000000100000000)
  region size 1024K, 21 young (21504K), 2 survivors (2048K)
 Metaspace       used 28592K, committed 28992K, reserved 1114112K
  class space    used 3408K, committed 3584K, reserved 1048576K
GC Heap History (14 events):
Event: 1.043 GC heap before
{Heap before GC invocations=0 (full 0):
 garbage-first heap   total 63488K, used 6144K [0x00000000c2c00000, 0x0000000100000000)
  region size 1024K, 6 young (6144K), 0 survivors (0K)
 Metaspace       used 2546K, committed 2752K, reserved 1114112K
  class space    used 203K, committed 320K, reserved 1048576K
}
Event: 1.051 GC heap after
{Heap after GC invocations=1 (full 0):
 garbage-first heap   total 63488K, used 2916K [0x00000000c2c00000, 0x0000000100000000)
  region size 1024K, 1 young (1024K), 1 survivors (1024K)
 Metaspace       used 2546K, committed 2752K, reserved 1114112K
  class space    used 203K, committed 320K, reserved 1048576K
}
Event: 1.220 GC heap before
{Heap before GC invocations=1 (full 0):
 garbage-first heap   total 63488K, used 7012K [0x00000000c2c00000, 0x0000000100000000)
  region size 1024K, 5 young (5120K), 1 survivors (1024K)
 Metaspace       used 3092K, committed 3200K, reserved 1114112K
  class space    used 244K, committed 320K, reserved 1048576K
}
Event: 1.227 GC heap after
{Heap after GC invocations=2 (full 0):
 garbage-first heap   total 63488K, used 6734K [0x00000000c2c00000, 0x0000000100000000)
  region size 1024K, 1 young (1024K), 1 survivors (1024K)
 Metaspace       used 3092K, committed 3200K, reserved 1114112K
  class space    used 244K, committed 320K, reserved 1048576K
}
Event: 1.653 GC heap before
{Heap before GC invocations=2 (full 0):
 garbage-first heap   total 63488K, used 12878K [0x00000000c2c00000, 0x0000000100000000)
  region size 1024K, 8 young (8192K), 1 survivors (1024K)
 Metaspace       used 7388K, committed 7616K, reserved 1114112K
  class space    used 692K, committed 768K, reserved 1048576K
}
Event: 1.659 GC heap after
{Heap after GC invocations=3 (full 0):
 garbage-first heap   total 63488K, used 8013K [0x00000000c2c00000, 0x0000000100000000)
  region size 1024K, 1 young (1024K), 1 survivors (1024K)
 Metaspace       used 7388K, committed 7616K, reserved 1114112K
  class space    used 692K, committed 768K, reserved 1048576K
}
Event: 4.029 GC heap before
{Heap before GC invocations=3 (full 0):
 garbage-first heap   total 63488K, used 27469K [0x00000000c2c00000, 0x0000000100000000)
  region size 1024K, 20 young (20480K), 1 survivors (1024K)
 Metaspace       used 12559K, committed 12928K, reserved 1114112K
  class space    used 1352K, committed 1536K, reserved 1048576K
}
Event: 4.039 GC heap after
{Heap after GC invocations=4 (full 0):
 garbage-first heap   total 63488K, used 9356K [0x00000000c2c00000, 0x0000000100000000)
  region size 1024K, 3 young (3072K), 3 survivors (3072K)
 Metaspace       used 12559K, committed 12928K, reserved 1114112K
  class space    used 1352K, committed 1536K, reserved 1048576K
}
Event: 7.477 GC heap before
{Heap before GC invocations=4 (full 0):
 garbage-first heap   total 63488K, used 43148K [0x00000000c2c00000, 0x0000000100000000)
  region size 1024K, 37 young (37888K), 3 survivors (3072K)
 Metaspace       used 20333K, committed 20736K, reserved 1114112K
  class space    used 2395K, committed 2560K, reserved 1048576K
}
Event: 7.491 GC heap after
{Heap after GC invocations=5 (full 0):
 garbage-first heap   total 63488K, used 11463K [0x00000000c2c00000, 0x0000000100000000)
  region size 1024K, 5 young (5120K), 5 survivors (5120K)
 Metaspace       used 20333K, committed 20736K, reserved 1114112K
  class space    used 2395K, committed 2560K, reserved 1048576K
}
Event: 7.772 GC heap before
{Heap before GC invocations=5 (full 0):
 garbage-first heap   total 63488K, used 15559K [0x00000000c2c00000, 0x0000000100000000)
  region size 1024K, 10 young (10240K), 5 survivors (5120K)
 Metaspace       used 21112K, committed 21504K, reserved 1114112K
  class space    used 2518K, committed 2752K, reserved 1048576K
}
Event: 7.784 GC heap after
{Heap after GC invocations=6 (full 0):
 garbage-first heap   total 63488K, used 12010K [0x00000000c2c00000, 0x0000000100000000)
  region size 1024K, 3 young (3072K), 3 survivors (3072K)
 Metaspace       used 21112K, committed 21504K, reserved 1114112K
  class space    used 2518K, committed 2752K, reserved 1048576K
}
Event: 8.568 GC heap before
{Heap before GC invocations=7 (full 0):
 garbage-first heap   total 40960K, used 32490K [0x00000000c2c00000, 0x0000000100000000)
  region size 1024K, 24 young (24576K), 3 survivors (3072K)
 Metaspace       used 25877K, committed 26304K, reserved 1114112K
  class space    used 3047K, committed 3264K, reserved 1048576K
}
Event: 8.580 GC heap after
{Heap after GC invocations=8 (full 0):
 garbage-first heap   total 40960K, used 13449K [0x00000000c2c00000, 0x0000000100000000)
  region size 1024K, 2 young (2048K), 2 survivors (2048K)
 Metaspace       used 25877K, committed 26304K, reserved 1114112K
  class space    used 3047K, committed 3264K, reserved 1048576K
}

