# JRE version: Java(TM) SE Runtime Environment (21.0.6+8) (build 21.0.6+8-LTS-188)
# Java VM: Java HotSpot(TM) 64-Bit Server VM (21.0.6+8-LTS-188, mixed mode, sharing, tiered, compressed oops, compressed class ptrs, g1 gc, windows-amd64)
GC Precious Log:
 CardTable entry size: 512
 Card Set container configuration: InlinePtr #cards 5 size 8 Array Of Cards #cards 12 size 40 Howl #buckets 4 coarsen threshold 1843 Howl Bitmap #cards 512 size 80 coarsen threshold 460 Card regions per heap region 1 cards per card region 2048
 CPUs: 2 total, 2 available
 Memory: 3918M
 Large Page Support: Disabled
 NUMA Support: Disabled
 Compressed Oops: Enabled (32-bit)
 Heap Region Size: 1M
 Heap Min Capacity: 8M
 Heap Initial Capacity: 62M
 Heap Max Capacity: 980M
 Pre-touch: Disabled
 Parallel Workers: 2
 Concurrent Workers: 1
 Concurrent Refinement Workers: 2
 Periodic GC: Disabled
Heap:
 garbage-first heap   total 58368K, used 34455K [0x00000000c2c00000, 0x0000000100000000)
  region size 1024K, 3 young (3072K), 2 survivors (2048K)
 Metaspace       used 76423K, committed 77248K, reserved 1179648K
  class space    used 9862K, committed 10240K, reserved 1048576K
GC Heap History (20 events):
Event: 40.594 GC heap before
{Heap before GC invocations=15 (full 0):
 garbage-first heap   total 54272K, used 45351K [0x00000000c2c00000, 0x0000000100000000)
  region size 1024K, 26 young (26624K), 4 survivors (4096K)
 Metaspace       used 53017K, committed 53568K, reserved 1114112K
  class space    used 6576K, committed 6848K, reserved 1048576K
}
Event: 40.659 GC heap after
{Heap after GC invocations=16 (full 0):
 garbage-first heap   total 54272K, used 24064K [0x00000000c2c00000, 0x0000000100000000)
  region size 1024K, 4 young (4096K), 4 survivors (4096K)
 Metaspace       used 53017K, committed 53568K, reserved 1114112K
  class space    used 6576K, committed 6848K, reserved 1048576K
}
Event: 45.604 GC heap before
{Heap before GC invocations=16 (full 0):
 garbage-first heap   total 54272K, used 45568K [0x00000000c2c00000, 0x0000000100000000)
  region size 1024K, 25 young (25600K), 4 survivors (4096K)
 Metaspace       used 56914K, committed 57472K, reserved 1114112K
  class space    used 7039K, committed 7296K, reserved 1048576K
}
Event: 45.677 GC heap after
{Heap after GC invocations=17 (full 0):
 garbage-first heap   total 54272K, used 25286K [0x00000000c2c00000, 0x0000000100000000)
  region size 1024K, 3 young (3072K), 3 survivors (3072K)
 Metaspace       used 56914K, committed 57472K, reserved 1114112K
  class space    used 7039K, committed 7296K, reserved 1048576K
}
Event: 46.878 GC heap before
{Heap before GC invocations=17 (full 0):
 garbage-first heap   total 54272K, used 32454K [0x00000000c2c00000, 0x0000000100000000)
  region size 1024K, 12 young (12288K), 3 survivors (3072K)
 Metaspace       used 59529K, committed 60096K, reserved 1114112K
  class space    used 7441K, committed 7744K, reserved 1048576K
}
Event: 46.894 GC heap after
{Heap after GC invocations=18 (full 0):
 garbage-first heap   total 54272K, used 25686K [0x00000000c2c00000, 0x0000000100000000)
  region size 1024K, 2 young (2048K), 2 survivors (2048K)
 Metaspace       used 59529K, committed 60096K, reserved 1114112K
  class space    used 7441K, committed 7744K, reserved 1048576K
}
Event: 51.930 GC heap before
{Heap before GC invocations=19 (full 0):
 garbage-first heap   total 54272K, used 47190K [0x00000000c2c00000, 0x0000000100000000)
  region size 1024K, 23 young (23552K), 2 survivors (2048K)
 Metaspace       used 62750K, committed 63296K, reserved 1114112K
  class space    used 8051K, committed 8320K, reserved 1048576K
}
Event: 51.947 GC heap after
{Heap after GC invocations=20 (full 0):
 garbage-first heap   total 54272K, used 25957K [0x00000000c2c00000, 0x0000000100000000)
  region size 1024K, 2 young (2048K), 2 survivors (2048K)
 Metaspace       used 62750K, committed 63296K, reserved 1114112K
  class space    used 8051K, committed 8320K, reserved 1048576K
}
Event: 62.745 GC heap before
{Heap before GC invocations=20 (full 0):
 garbage-first heap   total 54272K, used 46437K [0x00000000c2c00000, 0x0000000100000000)
  region size 1024K, 23 young (23552K), 2 survivors (2048K)
 Metaspace       used 66729K, committed 67392K, reserved 1114112K
  class space    used 8636K, committed 8960K, reserved 1048576K
}
Event: 62.826 GC heap after
{Heap after GC invocations=21 (full 0):
 garbage-first heap   total 54272K, used 26996K [0x00000000c2c00000, 0x0000000100000000)
  region size 1024K, 3 young (3072K), 3 survivors (3072K)
 Metaspace       used 66729K, committed 67392K, reserved 1114112K
  class space    used 8636K, committed 8960K, reserved 1048576K
}
Event: 77.839 GC heap before
{Heap before GC invocations=21 (full 0):
 garbage-first heap   total 54272K, used 46452K [0x00000000c2c00000, 0x0000000100000000)
  region size 1024K, 22 young (22528K), 3 survivors (3072K)
 Metaspace       used 69668K, committed 70336K, reserved 1114112K
  class space    used 8938K, committed 9216K, reserved 1048576K
}
Event: 77.914 GC heap after
{Heap after GC invocations=22 (full 0):
 garbage-first heap   total 54272K, used 28591K [0x00000000c2c00000, 0x0000000100000000)
  region size 1024K, 3 young (3072K), 3 survivors (3072K)
 Metaspace       used 69668K, committed 70336K, reserved 1114112K
  class space    used 8938K, committed 9216K, reserved 1048576K
}
Event: 82.286 GC heap before
{Heap before GC invocations=23 (full 0):
 garbage-first heap   total 54272K, used 47023K [0x00000000c2c00000, 0x0000000100000000)
  region size 1024K, 21 young (21504K), 3 survivors (3072K)
 Metaspace       used 71398K, committed 72064K, reserved 1114112K
  class space    used 9191K, committed 9472K, reserved 1048576K
}
Event: 82.345 GC heap after
{Heap after GC invocations=24 (full 0):
 garbage-first heap   total 54272K, used 30387K [0x00000000c2c00000, 0x0000000100000000)
  region size 1024K, 2 young (2048K), 2 survivors (2048K)
 Metaspace       used 71398K, committed 72064K, reserved 1114112K
  class space    used 9191K, committed 9472K, reserved 1048576K
}
Event: 92.356 GC heap before
{Heap before GC invocations=24 (full 0):
 garbage-first heap   total 54272K, used 47795K [0x00000000c2c00000, 0x0000000100000000)
  region size 1024K, 19 young (19456K), 2 survivors (2048K)
 Metaspace       used 73182K, committed 73920K, reserved 1114112K
  class space    used 9433K, committed 9728K, reserved 1048576K
}
Event: 92.371 GC heap after
{Heap after GC invocations=25 (full 0):
 garbage-first heap   total 54272K, used 31863K [0x00000000c2c00000, 0x0000000100000000)
  region size 1024K, 2 young (2048K), 2 survivors (2048K)
 Metaspace       used 73182K, committed 73920K, reserved 1114112K
  class space    used 9433K, committed 9728K, reserved 1048576K
}
Event: 101.110 GC heap before
{Heap before GC invocations=25 (full 0):
 garbage-first heap   total 54272K, used 46199K [0x00000000c2c00000, 0x0000000100000000)
  region size 1024K, 17 young (17408K), 2 survivors (2048K)
 Metaspace       used 74825K, committed 75584K, reserved 1179648K
  class space    used 9651K, committed 9984K, reserved 1048576K
}
Event: 101.127 GC heap after
{Heap after GC invocations=26 (full 0):
 garbage-first heap   total 54272K, used 33167K [0x00000000c2c00000, 0x0000000100000000)
  region size 1024K, 2 young (2048K), 2 survivors (2048K)
 Metaspace       used 74825K, committed 75584K, reserved 1179648K
  class space    used 9651K, committed 9984K, reserved 1048576K
}
Event: 107.585 GC heap before
{Heap before GC invocations=27 (full 0):
 garbage-first heap   total 58368K, used 47503K [0x00000000c2c00000, 0x0000000100000000)
  region size 1024K, 16 young (16384K), 2 survivors (2048K)
 Metaspace       used 76316K, committed 77120K, reserved 1179648K
  class space    used 9853K, committed 10240K, reserved 1048576K
}
Event: 107.599 GC heap after
{Heap after GC invocations=28 (full 0):
 garbage-first heap   total 58368K, used 34455K [0x00000000c2c00000, 0x0000000100000000)
  region size 1024K, 2 young (2048K), 2 survivors (2048K)
 Metaspace       used 76316K, committed 77120K, reserved 1179648K
  class space    used 9853K, committed 10240K, reserved 1048576K
}

