# JRE version: Java(TM) SE Runtime Environment (21.0.6+8) (build 21.0.6+8-LTS-188)
# Java VM: Java HotSpot(TM) 64-Bit Server VM (21.0.6+8-LTS-188, mixed mode, emulated-client, sharing, tiered, compressed oops, compressed class ptrs, g1 gc, windows-amd64)
GC Precious Log:
 CardTable entry size: 512
 Card Set container configuration: InlinePtr #cards 5 size 8 Array Of Cards #cards 12 size 40 Howl #buckets 4 coarsen threshold 1843 Howl Bitmap #cards 512 size 80 coarsen threshold 460 Card regions per heap region 1 cards per card region 2048
 CPUs: 2 total, 2 available
 Memory: 3918M
 Large Page Support: Disabled
 NUMA Support: Disabled
 Compressed Oops: Enabled (32-bit)
 Heap Region Size: 1M
 Heap Min Capacity: 8M
 Heap Initial Capacity: 62M
 Heap Max Capacity: 980M
 Pre-touch: Disabled
 Parallel Workers: 2
 Concurrent Workers: 1
 Concurrent Refinement Workers: 2
 Periodic GC: Disabled
Heap:
 garbage-first heap   total 78848K, used 55439K [0x00000000c2c00000, 0x0000000100000000)
  region size 1024K, 15 young (15360K), 3 survivors (3072K)
 Metaspace       used 78208K, committed 79552K, reserved 1179648K
  class space    used 10986K, committed 11520K, reserved 1048576K
GC Heap History (20 events):
Event: 23.760 GC heap before
{Heap before GC invocations=20 (full 0):
 garbage-first heap   total 58368K, used 50941K [0x00000000c2c00000, 0x0000000100000000)
  region size 1024K, 21 young (21504K), 3 survivors (3072K)
 Metaspace       used 67002K, committed 67648K, reserved 1114112K
  class space    used 9331K, committed 9600K, reserved 1048576K
}
Event: 23.771 GC heap after
{Heap after GC invocations=21 (full 0):
 garbage-first heap   total 58368K, used 33685K [0x00000000c2c00000, 0x0000000100000000)
  region size 1024K, 3 young (3072K), 3 survivors (3072K)
 Metaspace       used 67002K, committed 67648K, reserved 1114112K
  class space    used 9331K, committed 9600K, reserved 1048576K
}
Event: 25.067 GC heap before
{Heap before GC invocations=22 (full 0):
 garbage-first heap   total 60416K, used 50069K [0x00000000c2c00000, 0x0000000100000000)
  region size 1024K, 19 young (19456K), 3 survivors (3072K)
 Metaspace       used 67153K, committed 67904K, reserved 1114112K
  class space    used 9373K, committed 9728K, reserved 1048576K
}
Event: 25.088 GC heap after
{Heap after GC invocations=23 (full 0):
 garbage-first heap   total 60416K, used 35069K [0x00000000c2c00000, 0x0000000100000000)
  region size 1024K, 3 young (3072K), 3 survivors (3072K)
 Metaspace       used 67153K, committed 67904K, reserved 1114112K
  class space    used 9373K, committed 9728K, reserved 1048576K
}
Event: 26.558 GC heap before
{Heap before GC invocations=23 (full 0):
 garbage-first heap   total 60416K, used 52477K [0x00000000c2c00000, 0x0000000100000000)
  region size 1024K, 20 young (20480K), 3 survivors (3072K)
 Metaspace       used 67260K, committed 67968K, reserved 1114112K
  class space    used 9385K, committed 9728K, reserved 1048576K
}
Event: 26.569 GC heap after
{Heap after GC invocations=24 (full 0):
 garbage-first heap   total 72704K, used 35734K [0x00000000c2c00000, 0x0000000100000000)
  region size 1024K, 2 young (2048K), 2 survivors (2048K)
 Metaspace       used 67260K, committed 67968K, reserved 1114112K
  class space    used 9385K, committed 9728K, reserved 1048576K
}
Event: 27.679 GC heap before
{Heap before GC invocations=24 (full 0):
 garbage-first heap   total 72704K, used 65430K [0x00000000c2c00000, 0x0000000100000000)
  region size 1024K, 31 young (31744K), 2 survivors (2048K)
 Metaspace       used 68616K, committed 69440K, reserved 1114112K
  class space    used 9588K, committed 9984K, reserved 1048576K
}
Event: 27.693 GC heap after
{Heap after GC invocations=25 (full 0):
 garbage-first heap   total 72704K, used 37888K [0x00000000c2c00000, 0x0000000100000000)
  region size 1024K, 4 young (4096K), 4 survivors (4096K)
 Metaspace       used 68616K, committed 69440K, reserved 1114112K
  class space    used 9588K, committed 9984K, reserved 1048576K
}
Event: 29.017 GC heap before
{Heap before GC invocations=26 (full 0):
 garbage-first heap   total 72704K, used 63488K [0x00000000c2c00000, 0x0000000100000000)
  region size 1024K, 29 young (29696K), 4 survivors (4096K)
 Metaspace       used 69595K, committed 70464K, reserved 1114112K
  class space    used 9723K, committed 10112K, reserved 1048576K
}
Event: 29.032 GC heap after
{Heap after GC invocations=27 (full 0):
 garbage-first heap   total 72704K, used 39610K [0x00000000c2c00000, 0x0000000100000000)
  region size 1024K, 4 young (4096K), 4 survivors (4096K)
 Metaspace       used 69595K, committed 70464K, reserved 1114112K
  class space    used 9723K, committed 10112K, reserved 1048576K
}
Event: 29.725 GC heap before
{Heap before GC invocations=27 (full 0):
 garbage-first heap   total 72704K, used 63162K [0x00000000c2c00000, 0x0000000100000000)
  region size 1024K, 27 young (27648K), 4 survivors (4096K)
 Metaspace       used 70317K, committed 71168K, reserved 1114112K
  class space    used 9860K, committed 10240K, reserved 1048576K
}
Event: 29.745 GC heap after
{Heap after GC invocations=28 (full 0):
 garbage-first heap   total 72704K, used 40080K [0x00000000c2c00000, 0x0000000100000000)
  region size 1024K, 3 young (3072K), 3 survivors (3072K)
 Metaspace       used 70317K, committed 71168K, reserved 1114112K
  class space    used 9860K, committed 10240K, reserved 1048576K
}
Event: 30.965 GC heap before
{Heap before GC invocations=28 (full 0):
 garbage-first heap   total 72704K, used 63632K [0x00000000c2c00000, 0x0000000100000000)
  region size 1024K, 26 young (26624K), 3 survivors (3072K)
 Metaspace       used 71369K, committed 72256K, reserved 1114112K
  class space    used 10021K, committed 10432K, reserved 1048576K
}
Event: 30.980 GC heap after
{Heap after GC invocations=29 (full 0):
 garbage-first heap   total 72704K, used 41984K [0x00000000c2c00000, 0x0000000100000000)
  region size 1024K, 3 young (3072K), 3 survivors (3072K)
 Metaspace       used 71369K, committed 72256K, reserved 1114112K
  class space    used 10021K, committed 10432K, reserved 1048576K
}
Event: 32.212 GC heap before
{Heap before GC invocations=30 (full 0):
 garbage-first heap   total 72704K, used 64512K [0x00000000c2c00000, 0x0000000100000000)
  region size 1024K, 25 young (25600K), 3 survivors (3072K)
 Metaspace       used 72102K, committed 73024K, reserved 1114112K
  class space    used 10145K, committed 10560K, reserved 1048576K
}
Event: 32.227 GC heap after
{Heap after GC invocations=31 (full 0):
 garbage-first heap   total 72704K, used 43286K [0x00000000c2c00000, 0x0000000100000000)
  region size 1024K, 4 young (4096K), 4 survivors (4096K)
 Metaspace       used 72102K, committed 73024K, reserved 1114112K
  class space    used 10145K, committed 10560K, reserved 1048576K
}
Event: 33.788 GC heap before
{Heap before GC invocations=31 (full 0):
 garbage-first heap   total 72704K, used 62742K [0x00000000c2c00000, 0x0000000100000000)
  region size 1024K, 23 young (23552K), 4 survivors (4096K)
 Metaspace       used 75415K, committed 76352K, reserved 1114112K
  class space    used 10659K, committed 11072K, reserved 1048576K
}
Event: 33.805 GC heap after
{Heap after GC invocations=32 (full 0):
 garbage-first heap   total 72704K, used 43537K [0x00000000c2c00000, 0x0000000100000000)
  region size 1024K, 3 young (3072K), 3 survivors (3072K)
 Metaspace       used 75415K, committed 76352K, reserved 1114112K
  class space    used 10659K, committed 11072K, reserved 1048576K
}
Event: 283.802 GC heap before
{Heap before GC invocations=32 (full 0):
 garbage-first heap   total 72704K, used 61969K [0x00000000c2c00000, 0x0000000100000000)
  region size 1024K, 22 young (22528K), 3 survivors (3072K)
 Metaspace       used 78619K, committed 79552K, reserved 1179648K
  class space    used 11096K, committed 11520K, reserved 1048576K
}
Event: 283.916 GC heap after
{Heap after GC invocations=33 (full 0):
 garbage-first heap   total 72704K, used 45199K [0x00000000c2c00000, 0x0000000100000000)
  region size 1024K, 3 young (3072K), 3 survivors (3072K)
 Metaspace       used 78619K, committed 79552K, reserved 1179648K
  class space    used 11096K, committed 11520K, reserved 1048576K
}

